[debug] [2025-01-15T21:20:25.975Z] ----------------------------------------------------------------------
[debug] [2025-01-15T21:20:25.977Z] Command:       C:\Program Files\nodejs\node.exe C:\Users\user\AppData\Roaming\npm\node_modules\firebase-tools\lib\bin\firebase.js init
[debug] [2025-01-15T21:20:25.977Z] CLI Version:   13.29.1
[debug] [2025-01-15T21:20:25.977Z] Platform:      win32
[debug] [2025-01-15T21:20:25.977Z] Node Version:  v18.17.0
[debug] [2025-01-15T21:20:25.978Z] Time:          Thu Jan 16 2025 03:20:25 GMT+0600 (Bangladesh Standard Time)
[debug] [2025-01-15T21:20:25.978Z] ----------------------------------------------------------------------
[debug] 
[debug] [2025-01-15T21:20:25.990Z] >>> [apiv2][query] GET https://firebase-public.firebaseio.com/cli.json [none]
[debug] [2025-01-15T21:20:26.102Z] > command requires scopes: ["email","openid","https://www.googleapis.com/auth/cloudplatformprojects.readonly","https://www.googleapis.com/auth/firebase","https://www.googleapis.com/auth/cloud-platform"]
[debug] [2025-01-15T21:20:26.102Z] > authorizing via signed-in user (almashud53@gmail.com)
[info] 
     ######## #### ########  ######## ########     ###     ######  ########
     ##        ##  ##     ## ##       ##     ##  ##   ##  ##       ##
     ######    ##  ########  ######   ########  #########  ######  ######
     ##        ##  ##    ##  ##       ##     ## ##     ##       ## ##
     ##       #### ##     ## ######## ########  ##     ##  ######  ########

You're about to initialize a Firebase project in this directory:

  C:\Project\Mobile_shop1.2\client

Before we get started, keep in mind:

  * You are currently outside your home directory
  * You are initializing within an existing Firebase project directory

[debug] [2025-01-15T21:20:26.698Z] <<< [apiv2][status] GET https://firebase-public.firebaseio.com/cli.json 200
[debug] [2025-01-15T21:20:26.699Z] <<< [apiv2][body] GET https://firebase-public.firebaseio.com/cli.json {"cloudBuildErrorAfter":1594252800000,"cloudBuildWarnAfter":1590019200000,"defaultNode10After":1594252800000,"minVersion":"3.0.5","node8DeploysDisabledAfter":1613390400000,"node8RuntimeDisabledAfter":1615809600000,"node8WarnAfter":1600128000000}
[info] 
=== Project Setup
[info] 
[info] First, let's associate this project directory with a Firebase project.
[info] You can create multiple project aliases by running firebase use --add, 
[info] but for now we'll just set up a default project.
[info] 
[debug] [2025-01-15T21:22:05.898Z] Using project from CLI flag: myshop-195e1
[debug] [2025-01-15T21:22:05.899Z] Checked if tokens are valid: false, expires at: 1716774184579
[debug] [2025-01-15T21:22:05.899Z] Checked if tokens are valid: false, expires at: 1716774184579
[debug] [2025-01-15T21:22:05.899Z] > refreshing access token with scopes: []
[debug] [2025-01-15T21:22:05.900Z] >>> [apiv2][query] POST https://www.googleapis.com/oauth2/v3/token [none]
[debug] [2025-01-15T21:22:05.900Z] >>> [apiv2][body] POST https://www.googleapis.com/oauth2/v3/token [omitted]
[debug] [2025-01-15T21:22:06.120Z] <<< [apiv2][status] POST https://www.googleapis.com/oauth2/v3/token 400
[debug] [2025-01-15T21:22:06.120Z] <<< [apiv2][body] POST https://www.googleapis.com/oauth2/v3/token [omitted]
[debug] [2025-01-15T21:22:06.121Z] >>> [apiv2][query] GET https://firebase.googleapis.com/v1beta1/projects/myshop-195e1 [none]
[debug] [2025-01-15T21:22:06.357Z] <<< [apiv2][status] GET https://firebase.googleapis.com/v1beta1/projects/myshop-195e1 401
[debug] [2025-01-15T21:22:06.358Z] <<< [apiv2][body] GET https://firebase.googleapis.com/v1beta1/projects/myshop-195e1 {"error":{"code":401,"message":"Request had invalid authentication credentials. Expected OAuth 2 access token, login cookie or other valid authentication credential. See https://developers.google.com/identity/sign-in/web/devconsole-project.","status":"UNAUTHENTICATED"}}
[debug] [2025-01-15T21:22:06.358Z] Got a 401 Unauthenticated error for a call that required authentication. Refreshing tokens.
[debug] [2025-01-15T21:22:06.358Z] Checked if tokens are valid: false, expires at: 1716774184579
[debug] [2025-01-15T21:22:06.359Z] Checked if tokens are valid: false, expires at: 1716774184579
[debug] [2025-01-15T21:22:06.359Z] > refreshing access token with scopes: []
[debug] [2025-01-15T21:22:06.361Z] >>> [apiv2][query] POST https://www.googleapis.com/oauth2/v3/token [none]
[debug] [2025-01-15T21:22:06.361Z] >>> [apiv2][body] POST https://www.googleapis.com/oauth2/v3/token [omitted]
[debug] [2025-01-15T21:22:06.573Z] <<< [apiv2][status] POST https://www.googleapis.com/oauth2/v3/token 400
[debug] [2025-01-15T21:22:06.573Z] <<< [apiv2][body] POST https://www.googleapis.com/oauth2/v3/token [omitted]
[debug] [2025-01-15T21:22:06.574Z] Request to https://firebase.googleapis.com/v1beta1/projects/myshop-195e1 had HTTP Error: 401, Request had invalid authentication credentials. Expected OAuth 2 access token, login cookie or other valid authentication credential. See https://developers.google.com/identity/sign-in/web/devconsole-project.
[debug] [2025-01-15T21:22:06.905Z] FirebaseError: Request to https://firebase.googleapis.com/v1beta1/projects/myshop-195e1 had HTTP Error: 401, Request had invalid authentication credentials. Expected OAuth 2 access token, login cookie or other valid authentication credential. See https://developers.google.com/identity/sign-in/web/devconsole-project.
    at responseToError (C:\Users\user\AppData\Roaming\npm\node_modules\firebase-tools\lib\responseToError.js:52:12)
    at RetryOperation._fn (C:\Users\user\AppData\Roaming\npm\node_modules\firebase-tools\lib\apiv2.js:312:77)
    at process.processTicksAndRejections (node:internal/process/task_queues:95:5)
[error] 
[error] Error: Failed to get Firebase project myshop-195e1. Please make sure the project exists and your account has permission to access it.
